<?xml version="1.0" encoding="UTF-8"?>
<!-- Generated by org.testng.reporters.JUnitReportReporter -->
<testsuite skipped="0" hostname="chiranjeevi-PC" name="com.sdet.Tc_login" tests="1" failures="0" timestamp="2021-07-06T23:36:55 IST" time="76.586" errors="0">
  <testcase name="login_test" time="76.586" classname="com.sdet.Tc_login"/>
  <system-out/>
</testsuite> <!-- com.sdet.Tc_login -->
