<?xml version="1.0" encoding="UTF-8"?>
<!-- Generated by org.testng.reporters.JUnitReportReporter -->
<testsuite skipped="0" hostname="chiranjeevi-PC" name="com.sdet.Apptest" tests="2" failures="0" timestamp="2021-07-06T23:36:55 IST" time="0.101" errors="0">
  <testcase name="testlogin1" time="0.099" classname="com.sdet.Apptest"/>
  <system-out/>
  <testcase name="testlogin2" time="0.002" classname="com.sdet.Apptest"/>
  <system-out/>
</testsuite> <!-- com.sdet.Apptest -->
